c:\users\andre mottier\source\comsc110\lab2-3\lab2-3\debug\lab2-3.pch
c:\users\andre mottier\source\comsc110\lab2-3\lab2-3\debug\vc141.pdb
c:\users\andre mottier\source\comsc110\lab2-3\lab2-3\debug\vc141.idb
c:\users\andre mottier\source\comsc110\lab2-3\lab2-3\debug\stdafx.obj
c:\users\andre mottier\source\comsc110\lab2-3\lab2-3\debug\lab2-3.obj
c:\users\andre mottier\source\comsc110\lab2_3\lab2-3\debug\lab2-3.pch
c:\users\andre mottier\source\comsc110\lab2_3\lab2-3\debug\vc141.pdb
c:\users\andre mottier\source\comsc110\lab2_3\lab2-3\debug\vc141.idb
c:\users\andre mottier\source\comsc110\lab2_3\lab2-3\debug\stdafx.obj
c:\users\andre mottier\source\comsc110\lab2_3\lab2-3\debug\lab2-3.obj
c:\users\andre mottier\source\comsc110\lab2-3\debug\lab2-3.ilk
c:\users\andre mottier\source\comsc110\lab2-3\debug\lab2-3.exe
c:\users\andre mottier\source\comsc110\lab2-3\debug\lab2-3.pdb
c:\users\andre mottier\source\comsc110\lab2_3\debug\lab2-3.exe
c:\users\andre mottier\source\comsc110\lab2_3\debug\lab2-3.ilk
c:\users\andre mottier\source\comsc110\lab2_3\debug\lab2-3.pdb
c:\users\andre mottier\source\comsc110\lab2_3\lab2-3\debug\lab2-3.tlog\cl.command.1.tlog
c:\users\andre mottier\source\comsc110\lab2_3\lab2-3\debug\lab2-3.tlog\cl.read.1.tlog
c:\users\andre mottier\source\comsc110\lab2_3\lab2-3\debug\lab2-3.tlog\cl.write.1.tlog
c:\users\andre mottier\source\comsc110\lab2_3\lab2-3\debug\lab2-3.tlog\link.command.1.tlog
c:\users\andre mottier\source\comsc110\lab2_3\lab2-3\debug\lab2-3.tlog\link.read.1.tlog
c:\users\andre mottier\source\comsc110\lab2_3\lab2-3\debug\lab2-3.tlog\link.write.1.tlog
